[ 2024-10-12 06:52:59,376 ] 10 root - INFO - Main File - Data Ingestion Started
[ 2024-10-12 06:52:59,376 ] 30 root - INFO - Data Ingestion Started
[ 2024-10-12 06:53:01,932 ] 36 root - INFO - Dataset is downloaded from git in zip format
[ 2024-10-12 06:53:01,932 ] 37 root - INFO - Unzipping of Dataset is started
[ 2024-10-12 06:53:12,573 ] 42 root - INFO - Dataset is unzipped
[ 2024-10-12 06:53:12,574 ] 44 root - INFO - Data Ingestion is completed
[ 2024-10-12 06:53:12,576 ] 13 root - INFO - Main File - Data Ingestion Ended
[ 2024-10-12 06:53:12,576 ] 16 root - INFO - Main File - Data Transforamtion Started
[ 2024-10-12 06:53:12,590 ] 24 root - INFO - Image to binary strated
[ 2024-10-12 06:53:14,780 ] 54 root - INFO - Stage-1 Image to binary conversion completed
[ 2024-10-12 06:53:38,514 ] 54 root - INFO - Stage-2 Image to binary conversion completed
[ 2024-10-12 06:54:25,520 ] 54 root - INFO - Stage-3 Image to binary conversion completed
[ 2024-10-12 06:55:01,619 ] 54 root - INFO - Stage-4 Image to binary conversion completed
[ 2024-10-12 06:55:48,945 ] 54 root - INFO - Stage-5 Image to binary conversion completed
[ 2024-10-12 06:56:00,244 ] 54 root - INFO - Stage-6 Image to binary conversion completed
[ 2024-10-12 06:56:00,244 ] 57 root - INFO - All Image to binary conversion completed
[ 2024-10-12 06:56:00,244 ] 19 root - INFO - Main File - Data Transforamtion Ended
[ 2024-10-12 06:56:00,244 ] 22 root - INFO - Main File - Model Training Started
[ 2024-10-12 06:56:00,244 ] 48 root - INFO - Train Test and Model Training started
[ 2024-10-12 06:56:00,936 ] 14 root - INFO - Pickle file is created for C:\Users\deepa\Panda 2024\CAPTCHA Break\CAPTCHA Break Project\artifacts\model\model_char_1.pkl
[ 2024-10-12 06:56:04,118 ] 14 root - INFO - Pickle file is created for C:\Users\deepa\Panda 2024\CAPTCHA Break\CAPTCHA Break Project\artifacts\model\model_char_2.pkl
[ 2024-10-12 06:56:09,971 ] 14 root - INFO - Pickle file is created for C:\Users\deepa\Panda 2024\CAPTCHA Break\CAPTCHA Break Project\artifacts\model\model_char_3.pkl
[ 2024-10-12 06:56:14,192 ] 14 root - INFO - Pickle file is created for C:\Users\deepa\Panda 2024\CAPTCHA Break\CAPTCHA Break Project\artifacts\model\model_char_4.pkl
[ 2024-10-12 06:56:20,247 ] 14 root - INFO - Pickle file is created for C:\Users\deepa\Panda 2024\CAPTCHA Break\CAPTCHA Break Project\artifacts\model\model_char_5.pkl
[ 2024-10-12 06:56:21,972 ] 14 root - INFO - Pickle file is created for C:\Users\deepa\Panda 2024\CAPTCHA Break\CAPTCHA Break Project\artifacts\model\model_char_6.pkl
[ 2024-10-12 06:56:21,973 ] 96 root - INFO - Train Test Split and Model Training Completed
[ 2024-10-12 06:56:22,040 ] 25 root - INFO - Main File - Model Training Ended
