[ 2024-10-15 09:21:28,900 ] 97 werkzeug - WARNING -  * Debugger is active!
[ 2024-10-15 09:21:28,907 ] 97 werkzeug - INFO -  * Debugger PIN: 133-700-328
[ 2024-10-15 09:21:30,684 ] 50 root - INFO - Request in the get phase of predict captcha function
[ 2024-10-15 09:21:30,692 ] 97 werkzeug - INFO - 127.0.0.1 - - [15/Oct/2024 09:21:30] "GET /home HTTP/1.1" 200 -
[ 2024-10-15 09:21:37,449 ] 54 root - INFO - Request in the POST phase of predict captcha function and routing started
[ 2024-10-15 09:21:37,451 ] 59 root - INFO - The file value is: <FileStorage: 'screenshot_999.png' ('image/png')>
[ 2024-10-15 09:21:37,468 ] 65 root - INFO - Uploaded image is openeing
[ 2024-10-15 09:21:37,499 ] 80 root - INFO - the data value is <PIL.PngImagePlugin.PngImageFile image mode=RGB size=200x80 at 0x2817AE00A50>
[ 2024-10-15 09:21:37,500 ] 83 root - INFO - opened image go to trainig pipeline
[ 2024-10-15 09:21:37,500 ] 22 root - INFO - Initializing the training pipeline
[ 2024-10-15 09:21:37,500 ] 26 root - INFO - Image spliting is started for target image
[ 2024-10-15 09:21:37,500 ] 42 root - INFO - Image spliting is completed for target image
[ 2024-10-15 09:21:37,501 ] 53 root - INFO - Conversion from image to binary is started for target image
[ 2024-10-15 09:21:37,506 ] 73 root - INFO - Image converted to binary
[ 2024-10-15 09:21:37,506 ] 25 root - INFO - Initializing the predict pipeline
[ 2024-10-15 09:21:37,506 ] 31 root - INFO - Prediction for target image is started
[ 2024-10-15 09:21:38,910 ] 56 root - INFO - Prediction completed
[ 2024-10-15 09:21:38,910 ] 92 root - INFO - captcha is predicted and it is ygwxop , and type of it <class 'str'>
[ 2024-10-15 09:21:38,912 ] 97 werkzeug - INFO - 127.0.0.1 - - [15/Oct/2024 09:21:38] "POST /home HTTP/1.1" 200 -
[ 2024-10-15 09:22:35,876 ] 50 root - INFO - Request in the get phase of predict captcha function
[ 2024-10-15 09:22:35,877 ] 97 werkzeug - INFO - 127.0.0.1 - - [15/Oct/2024 09:22:35] "GET /home HTTP/1.1" 200 -
[ 2024-10-15 09:22:46,076 ] 54 root - INFO - Request in the POST phase of predict captcha function and routing started
[ 2024-10-15 09:22:46,079 ] 59 root - INFO - The file value is: <FileStorage: 'screenshot_955.png' ('image/png')>
[ 2024-10-15 09:22:46,079 ] 65 root - INFO - Uploaded image is openeing
[ 2024-10-15 09:22:46,086 ] 80 root - INFO - the data value is <PIL.PngImagePlugin.PngImageFile image mode=RGB size=200x80 at 0x281155FF5D0>
[ 2024-10-15 09:22:46,087 ] 83 root - INFO - opened image go to trainig pipeline
[ 2024-10-15 09:22:46,087 ] 22 root - INFO - Initializing the training pipeline
[ 2024-10-15 09:22:46,087 ] 26 root - INFO - Image spliting is started for target image
[ 2024-10-15 09:22:46,087 ] 42 root - INFO - Image spliting is completed for target image
[ 2024-10-15 09:22:46,087 ] 53 root - INFO - Conversion from image to binary is started for target image
[ 2024-10-15 09:22:46,094 ] 73 root - INFO - Image converted to binary
[ 2024-10-15 09:22:46,094 ] 25 root - INFO - Initializing the predict pipeline
[ 2024-10-15 09:22:46,094 ] 31 root - INFO - Prediction for target image is started
[ 2024-10-15 09:22:46,170 ] 56 root - INFO - Prediction completed
[ 2024-10-15 09:22:46,172 ] 92 root - INFO - captcha is predicted and it is iexflh , and type of it <class 'str'>
[ 2024-10-15 09:22:46,173 ] 97 werkzeug - INFO - 127.0.0.1 - - [15/Oct/2024 09:22:46] "POST /home HTTP/1.1" 200 -
[ 2024-10-15 09:23:14,275 ] 97 werkzeug - INFO -  * Detected change in 'c:\\users\\deepa\\panda 2024\\captcha break\\captcha break project\\application.py', reloading
