[ 2024-10-16 11:00:45,220 ] 97 werkzeug - WARNING -  * Debugger is active!
[ 2024-10-16 11:00:45,227 ] 97 werkzeug - INFO -  * Debugger PIN: 133-700-328
[ 2024-10-16 11:00:57,218 ] 38 root - INFO - Request in the get phase of predict captcha function
[ 2024-10-16 11:00:57,225 ] 97 werkzeug - INFO - 127.0.0.1 - - [16/Oct/2024 11:00:57] "GET /home HTTP/1.1" 200 -
[ 2024-10-16 11:01:07,892 ] 42 root - INFO - Request in the POST phase of predict captcha function and routing started
[ 2024-10-16 11:01:07,895 ] 47 root - INFO - The file value is: <FileStorage: 'Captcha_1.png' ('image/png')>
[ 2024-10-16 11:01:07,904 ] 53 root - INFO - Uploaded image is openeing
[ 2024-10-16 11:01:07,905 ] 62 root - INFO - the data value is uploads\Captcha_1.png
[ 2024-10-16 11:01:07,905 ] 65 root - INFO - opened image go to trainig pipeline
[ 2024-10-16 11:01:07,905 ] 22 root - INFO - Initializing the training pipeline
[ 2024-10-16 11:01:07,905 ] 27 root - INFO - Image spliting is started for target image
[ 2024-10-16 11:01:07,935 ] 43 root - INFO - Image spliting is completed for target image
[ 2024-10-16 11:01:07,935 ] 54 root - INFO - Conversion from image to binary is started for target image
[ 2024-10-16 11:01:07,945 ] 74 root - INFO - Image converted to binary
[ 2024-10-16 11:01:07,946 ] 25 root - INFO - Initializing the predict pipeline
[ 2024-10-16 11:01:07,946 ] 31 root - INFO - Prediction for target image is started
[ 2024-10-16 11:01:09,370 ] 56 root - INFO - Prediction completed
[ 2024-10-16 11:01:09,371 ] 74 root - INFO - captcha is predicted and it is w3ekj4 , and type of it <class 'str'>
[ 2024-10-16 11:01:09,372 ] 97 werkzeug - INFO - 127.0.0.1 - - [16/Oct/2024 11:01:09] "POST /home HTTP/1.1" 200 -
[ 2024-10-16 11:01:18,968 ] 42 root - INFO - Request in the POST phase of predict captcha function and routing started
[ 2024-10-16 11:01:18,971 ] 47 root - INFO - The file value is: <FileStorage: 'Captcha_5.png' ('image/png')>
[ 2024-10-16 11:01:18,971 ] 53 root - INFO - Uploaded image is openeing
[ 2024-10-16 11:01:18,972 ] 62 root - INFO - the data value is uploads\Captcha_5.png
[ 2024-10-16 11:01:18,972 ] 65 root - INFO - opened image go to trainig pipeline
[ 2024-10-16 11:01:18,972 ] 22 root - INFO - Initializing the training pipeline
[ 2024-10-16 11:01:18,972 ] 27 root - INFO - Image spliting is started for target image
[ 2024-10-16 11:01:18,981 ] 43 root - INFO - Image spliting is completed for target image
[ 2024-10-16 11:01:18,981 ] 54 root - INFO - Conversion from image to binary is started for target image
[ 2024-10-16 11:01:18,991 ] 74 root - INFO - Image converted to binary
[ 2024-10-16 11:01:18,991 ] 25 root - INFO - Initializing the predict pipeline
[ 2024-10-16 11:01:18,991 ] 31 root - INFO - Prediction for target image is started
[ 2024-10-16 11:01:19,079 ] 56 root - INFO - Prediction completed
[ 2024-10-16 11:01:19,080 ] 74 root - INFO - captcha is predicted and it is izb3iu , and type of it <class 'str'>
[ 2024-10-16 11:01:19,083 ] 97 werkzeug - INFO - 127.0.0.1 - - [16/Oct/2024 11:01:19] "POST /home HTTP/1.1" 200 -
[ 2024-10-16 11:01:28,976 ] 42 root - INFO - Request in the POST phase of predict captcha function and routing started
[ 2024-10-16 11:01:28,978 ] 47 root - INFO - The file value is: <FileStorage: 'Captcha_9.png' ('image/png')>
[ 2024-10-16 11:01:28,978 ] 53 root - INFO - Uploaded image is openeing
[ 2024-10-16 11:01:28,979 ] 62 root - INFO - the data value is uploads\Captcha_9.png
[ 2024-10-16 11:01:28,979 ] 65 root - INFO - opened image go to trainig pipeline
[ 2024-10-16 11:01:28,980 ] 22 root - INFO - Initializing the training pipeline
[ 2024-10-16 11:01:28,980 ] 27 root - INFO - Image spliting is started for target image
[ 2024-10-16 11:01:28,987 ] 43 root - INFO - Image spliting is completed for target image
[ 2024-10-16 11:01:28,987 ] 54 root - INFO - Conversion from image to binary is started for target image
[ 2024-10-16 11:01:28,992 ] 74 root - INFO - Image converted to binary
[ 2024-10-16 11:01:28,992 ] 25 root - INFO - Initializing the predict pipeline
[ 2024-10-16 11:01:28,992 ] 31 root - INFO - Prediction for target image is started
[ 2024-10-16 11:01:29,081 ] 56 root - INFO - Prediction completed
[ 2024-10-16 11:01:29,082 ] 74 root - INFO - captcha is predicted and it is 7k20b0 , and type of it <class 'str'>
[ 2024-10-16 11:01:29,084 ] 97 werkzeug - INFO - 127.0.0.1 - - [16/Oct/2024 11:01:29] "POST /home HTTP/1.1" 200 -
[ 2024-10-16 11:06:08,524 ] 38 root - INFO - Request in the get phase of predict captcha function
[ 2024-10-16 11:06:08,526 ] 97 werkzeug - INFO - 127.0.0.1 - - [16/Oct/2024 11:06:08] "GET /home HTTP/1.1" 200 -
[ 2024-10-16 11:06:17,526 ] 38 root - INFO - Request in the get phase of predict captcha function
[ 2024-10-16 11:06:17,526 ] 97 werkzeug - INFO - 127.0.0.1 - - [16/Oct/2024 11:06:17] "GET /home HTTP/1.1" 200 -
