[ 2024-10-15 08:41:22,444 ] 97 werkzeug - WARNING -  * Debugger is active!
[ 2024-10-15 08:41:22,475 ] 97 werkzeug - INFO -  * Debugger PIN: 133-700-328
[ 2024-10-15 08:41:32,635 ] 30 root - INFO - Request in the get phase of predict captcha function
[ 2024-10-15 08:41:32,644 ] 97 werkzeug - INFO - 127.0.0.1 - - [15/Oct/2024 08:41:32] "GET /home HTTP/1.1" 200 -
[ 2024-10-15 08:41:42,409 ] 34 root - INFO - Request in the POST phase of predict captcha function and routing started
[ 2024-10-15 08:41:42,425 ] 39 root - INFO - The file value is: <FileStorage: 'screenshot_997.png' ('image/png')>
[ 2024-10-15 08:41:42,425 ] 45 root - INFO - Uploaded image is openeing
[ 2024-10-15 08:41:42,455 ] 47 root - INFO - the data value is <PIL.PngImagePlugin.PngImageFile image mode=RGB size=200x80 at 0x1821E70A610>
[ 2024-10-15 08:41:42,456 ] 52 root - INFO - opened image go to trainig pipeline
[ 2024-10-15 08:41:42,456 ] 22 root - INFO - Initializing the training pipeline
[ 2024-10-15 08:41:42,456 ] 26 root - INFO - Image spliting is started for target image
[ 2024-10-15 08:41:42,457 ] 42 root - INFO - Image spliting is completed for target image
[ 2024-10-15 08:41:42,457 ] 53 root - INFO - Conversion from image to binary is started for target image
[ 2024-10-15 08:41:42,468 ] 73 root - INFO - Image converted to binary
[ 2024-10-15 08:41:42,469 ] 25 root - INFO - Initializing the predict pipeline
[ 2024-10-15 08:41:42,469 ] 31 root - INFO - Prediction for target image is started
[ 2024-10-15 08:41:44,426 ] 56 root - INFO - Prediction completed
[ 2024-10-15 08:41:44,426 ] 61 root - INFO - captcha is predicted and it is us40kp , and type of it <class 'str'>
[ 2024-10-15 08:41:44,427 ] 97 werkzeug - INFO - 127.0.0.1 - - [15/Oct/2024 08:41:44] "POST /home HTTP/1.1" 200 -
[ 2024-10-15 08:57:16,103 ] 97 werkzeug - INFO -  * Detected change in 'c:\\users\\deepa\\panda 2024\\captcha break\\captcha break project\\test.py', reloading
