[ 2024-10-15 09:19:35,924 ] 97 werkzeug - WARNING -  * Debugger is active!
[ 2024-10-15 09:19:35,931 ] 97 werkzeug - INFO -  * Debugger PIN: 133-700-328
[ 2024-10-15 09:19:39,697 ] 50 root - INFO - Request in the get phase of predict captcha function
[ 2024-10-15 09:19:39,704 ] 97 werkzeug - INFO - 127.0.0.1 - - [15/Oct/2024 09:19:39] "GET /home HTTP/1.1" 200 -
[ 2024-10-15 09:19:46,133 ] 54 root - INFO - Request in the POST phase of predict captcha function and routing started
[ 2024-10-15 09:19:46,135 ] 59 root - INFO - The file value is: <FileStorage: 'screenshot_996.png' ('image/png')>
[ 2024-10-15 09:19:46,136 ] 65 root - INFO - Uploaded image is openeing
[ 2024-10-15 09:19:46,170 ] 81 root - INFO - the data value is <PIL.PngImagePlugin.PngImageFile image mode=RGB size=200x80 at 0x1B2B1F4E3D0>
[ 2024-10-15 09:19:46,170 ] 84 root - INFO - opened image go to trainig pipeline
[ 2024-10-15 09:19:46,170 ] 22 root - INFO - Initializing the training pipeline
[ 2024-10-15 09:19:46,170 ] 26 root - INFO - Image spliting is started for target image
[ 2024-10-15 09:19:46,171 ] 42 root - INFO - Image spliting is completed for target image
[ 2024-10-15 09:19:46,171 ] 53 root - INFO - Conversion from image to binary is started for target image
[ 2024-10-15 09:19:46,182 ] 73 root - INFO - Image converted to binary
[ 2024-10-15 09:19:46,182 ] 25 root - INFO - Initializing the predict pipeline
[ 2024-10-15 09:19:46,182 ] 31 root - INFO - Prediction for target image is started
[ 2024-10-15 09:19:47,626 ] 56 root - INFO - Prediction completed
[ 2024-10-15 09:19:47,627 ] 93 root - INFO - captcha is predicted and it is 5cw8z7 , and type of it <class 'str'>
[ 2024-10-15 09:19:47,627 ] 97 werkzeug - INFO - 127.0.0.1 - - [15/Oct/2024 09:19:47] "POST /home HTTP/1.1" 200 -
[ 2024-10-15 09:21:20,099 ] 97 werkzeug - INFO -  * Detected change in 'C:\\Users\\deepa\\Panda 2024\\CAPTCHA Break\\CAPTCHA Break Project\\application.py', reloading
