[ 2024-10-13 07:11:09,291 ] 97 werkzeug - WARNING -  * Debugger is active!
[ 2024-10-13 07:11:09,301 ] 97 werkzeug - INFO -  * Debugger PIN: 133-700-328
[ 2024-10-13 07:11:16,385 ] 97 werkzeug - INFO - 127.0.0.1 - - [13/Oct/2024 07:11:16] "GET /home HTTP/1.1" 200 -
[ 2024-10-13 07:11:26,146 ] 22 root - INFO - Initializing the training pipeline
[ 2024-10-13 07:11:26,146 ] 26 root - INFO - Image spliting is started for target image
[ 2024-10-13 07:11:26,149 ] 41 root - INFO - Image spliting is completed for target image
[ 2024-10-13 07:11:26,149 ] 52 root - INFO - Conversion from image to binary is started for target image
[ 2024-10-13 07:11:26,155 ] 72 root - INFO - Image converted to binary and save in csv
[ 2024-10-13 07:11:26,156 ] 25 root - INFO - Initializing the predict pipeline
[ 2024-10-13 07:11:26,156 ] 31 root - INFO - Prediction for target image is started
[ 2024-10-13 07:11:30,528 ] 56 root - INFO - Prediction completed
[ 2024-10-13 07:11:30,530 ] 97 werkzeug - INFO - 127.0.0.1 - - [13/Oct/2024 07:11:30] "POST /home HTTP/1.1" 200 -
[ 2024-10-13 07:11:37,647 ] 22 root - INFO - Initializing the training pipeline
[ 2024-10-13 07:11:37,647 ] 26 root - INFO - Image spliting is started for target image
[ 2024-10-13 07:11:37,648 ] 41 root - INFO - Image spliting is completed for target image
[ 2024-10-13 07:11:37,648 ] 52 root - INFO - Conversion from image to binary is started for target image
[ 2024-10-13 07:11:37,658 ] 72 root - INFO - Image converted to binary and save in csv
[ 2024-10-13 07:11:37,658 ] 25 root - INFO - Initializing the predict pipeline
[ 2024-10-13 07:11:37,658 ] 31 root - INFO - Prediction for target image is started
[ 2024-10-13 07:11:37,724 ] 56 root - INFO - Prediction completed
[ 2024-10-13 07:11:37,726 ] 97 werkzeug - INFO - 127.0.0.1 - - [13/Oct/2024 07:11:37] "POST /home HTTP/1.1" 200 -
[ 2024-10-13 07:12:14,357 ] 22 root - INFO - Initializing the training pipeline
[ 2024-10-13 07:12:14,357 ] 26 root - INFO - Image spliting is started for target image
[ 2024-10-13 07:12:14,358 ] 41 root - INFO - Image spliting is completed for target image
[ 2024-10-13 07:12:14,358 ] 52 root - INFO - Conversion from image to binary is started for target image
[ 2024-10-13 07:12:14,365 ] 72 root - INFO - Image converted to binary and save in csv
[ 2024-10-13 07:12:14,365 ] 25 root - INFO - Initializing the predict pipeline
[ 2024-10-13 07:12:14,365 ] 31 root - INFO - Prediction for target image is started
[ 2024-10-13 07:12:14,410 ] 56 root - INFO - Prediction completed
[ 2024-10-13 07:12:14,411 ] 97 werkzeug - INFO - 127.0.0.1 - - [13/Oct/2024 07:12:14] "POST /home HTTP/1.1" 200 -
[ 2024-10-13 07:12:38,253 ] 97 werkzeug - INFO -  * Detected change in 'C:\\Users\\deepa\\Panda 2024\\CAPTCHA Break\\CAPTCHA Break Project\\application.py', reloading
