[ 2024-10-16 10:54:14,753 ] 97 werkzeug - WARNING -  * Debugger is active!
[ 2024-10-16 10:54:14,760 ] 97 werkzeug - INFO -  * Debugger PIN: 133-700-328
[ 2024-10-16 10:54:55,776 ] 38 root - INFO - Request in the get phase of predict captcha function
[ 2024-10-16 10:54:55,785 ] 97 werkzeug - INFO - 127.0.0.1 - - [16/Oct/2024 10:54:55] "GET /home HTTP/1.1" 200 -
[ 2024-10-16 10:55:38,087 ] 42 root - INFO - Request in the POST phase of predict captcha function and routing started
[ 2024-10-16 10:55:38,088 ] 47 root - INFO - The file value is: <FileStorage: 'Captcha_1.png' ('image/png')>
[ 2024-10-16 10:55:38,088 ] 53 root - INFO - Uploaded image is openeing
[ 2024-10-16 10:55:38,089 ] 62 root - INFO - the data value is uploads\Captcha_1.png
[ 2024-10-16 10:55:38,089 ] 65 root - INFO - opened image go to trainig pipeline
[ 2024-10-16 10:55:38,089 ] 22 root - INFO - Initializing the training pipeline
[ 2024-10-16 10:55:38,089 ] 27 root - INFO - Image spliting is started for target image
[ 2024-10-16 10:55:38,130 ] 43 root - INFO - Image spliting is completed for target image
[ 2024-10-16 10:55:38,130 ] 54 root - INFO - Conversion from image to binary is started for target image
[ 2024-10-16 10:55:38,141 ] 74 root - INFO - Image converted to binary
[ 2024-10-16 10:55:38,141 ] 25 root - INFO - Initializing the predict pipeline
[ 2024-10-16 10:55:38,141 ] 31 root - INFO - Prediction for target image is started
[ 2024-10-16 10:55:39,958 ] 56 root - INFO - Prediction completed
[ 2024-10-16 10:55:39,958 ] 74 root - INFO - captcha is predicted and it is w3ekj4 , and type of it <class 'str'>
[ 2024-10-16 10:55:39,959 ] 97 werkzeug - INFO - 127.0.0.1 - - [16/Oct/2024 10:55:39] "POST /home HTTP/1.1" 200 -
[ 2024-10-16 10:57:05,009 ] 97 werkzeug - INFO -  * Detected change in 'c:\\users\\deepa\\panda 2024\\captcha break\\captcha break project\\test.py', reloading
