[ 2024-10-14 17:01:48,011 ] 97 werkzeug - WARNING -  * Debugger is active!
[ 2024-10-14 17:01:48,020 ] 97 werkzeug - INFO -  * Debugger PIN: 133-700-328
[ 2024-10-14 17:01:51,609 ] 30 root - INFO - Request in the get phase of predict captcha function
[ 2024-10-14 17:01:51,649 ] 97 werkzeug - INFO - 127.0.0.1 - - [14/Oct/2024 17:01:51] "GET /home HTTP/1.1" 200 -
[ 2024-10-14 17:01:58,121 ] 34 root - INFO - Request in the POST phase of predict captcha function and routing started
[ 2024-10-14 17:01:58,124 ] 39 root - INFO - The file value is: <FileStorage: 'screenshot_996.png' ('image/png')>
[ 2024-10-14 17:01:58,140 ] 45 root - INFO - Uploaded image is openeing
[ 2024-10-14 17:01:58,171 ] 47 root - INFO - the data value is <PIL.PngImagePlugin.PngImageFile image mode=RGB size=200x80 at 0x2455ECEEFD0>
[ 2024-10-14 17:01:58,171 ] 52 root - INFO - opened image go to trainig pipeline
[ 2024-10-14 17:01:58,171 ] 22 root - INFO - Initializing the training pipeline
[ 2024-10-14 17:01:58,171 ] 26 root - INFO - Image spliting is started for target image
[ 2024-10-14 17:01:58,173 ] 42 root - INFO - Image spliting is completed for target image
[ 2024-10-14 17:01:58,174 ] 53 root - INFO - Conversion from image to binary is started for target image
[ 2024-10-14 17:01:58,183 ] 73 root - INFO - Image converted to binary
[ 2024-10-14 17:01:58,183 ] 25 root - INFO - Initializing the predict pipeline
[ 2024-10-14 17:01:58,183 ] 31 root - INFO - Prediction for target image is started
[ 2024-10-14 17:02:00,258 ] 56 root - INFO - Prediction completed
[ 2024-10-14 17:02:00,259 ] 61 root - INFO - captcha is predicted and it is 5cw8z7 , and type of it <class 'str'>
[ 2024-10-14 17:02:00,259 ] 97 werkzeug - INFO - 127.0.0.1 - - [14/Oct/2024 17:02:00] "POST /home HTTP/1.1" 200 -
[ 2024-10-14 17:02:14,266 ] 97 werkzeug - INFO -  * Detected change in 'c:\\users\\deepa\\panda 2024\\captcha break\\captcha break project\\application.py', reloading
