[ 2024-10-11 14:30:25,138 ] 97 werkzeug - WARNING -  * Debugger is active!
[ 2024-10-11 14:30:25,144 ] 97 werkzeug - INFO -  * Debugger PIN: 133-700-328
[ 2024-10-11 14:30:42,987 ] 47 root - INFO - Initializing the training pipeline
[ 2024-10-11 14:30:42,987 ] 51 root - INFO - Image spliting is started for target image
[ 2024-10-11 14:30:42,994 ] 62 root - INFO - Image spliting is completed for target image
[ 2024-10-11 14:30:42,994 ] 70 root - INFO - Conversion from image to binary is started for target image
[ 2024-10-11 14:30:43,053 ] 85 root - INFO - Image converted to binary and save in csv
[ 2024-10-11 14:30:43,053 ] 25 root - INFO - Initializing the predict pipeline
[ 2024-10-11 14:30:43,053 ] 31 root - INFO - Prediction for target image is started
[ 2024-10-11 14:30:44,844 ] 55 root - INFO - Prediction completed
[ 2024-10-11 14:30:44,885 ] 97 werkzeug - INFO - 127.0.0.1 - - [11/Oct/2024 14:30:44] "POST /home HTTP/1.1" 200 -
[ 2024-10-11 14:30:53,869 ] 47 root - INFO - Initializing the training pipeline
[ 2024-10-11 14:30:53,869 ] 51 root - INFO - Image spliting is started for target image
[ 2024-10-11 14:30:53,889 ] 62 root - INFO - Image spliting is completed for target image
[ 2024-10-11 14:30:53,890 ] 70 root - INFO - Conversion from image to binary is started for target image
[ 2024-10-11 14:30:53,948 ] 85 root - INFO - Image converted to binary and save in csv
[ 2024-10-11 14:30:53,948 ] 25 root - INFO - Initializing the predict pipeline
[ 2024-10-11 14:30:53,948 ] 31 root - INFO - Prediction for target image is started
[ 2024-10-11 14:30:54,462 ] 55 root - INFO - Prediction completed
[ 2024-10-11 14:30:54,463 ] 97 werkzeug - INFO - 127.0.0.1 - - [11/Oct/2024 14:30:54] "POST /home HTTP/1.1" 200 -
[ 2024-10-11 14:31:42,934 ] 47 root - INFO - Initializing the training pipeline
[ 2024-10-11 14:31:42,935 ] 51 root - INFO - Image spliting is started for target image
[ 2024-10-11 14:31:42,945 ] 62 root - INFO - Image spliting is completed for target image
[ 2024-10-11 14:31:42,945 ] 70 root - INFO - Conversion from image to binary is started for target image
[ 2024-10-11 14:31:42,999 ] 85 root - INFO - Image converted to binary and save in csv
[ 2024-10-11 14:31:42,999 ] 25 root - INFO - Initializing the predict pipeline
[ 2024-10-11 14:31:42,999 ] 31 root - INFO - Prediction for target image is started
[ 2024-10-11 14:31:43,499 ] 55 root - INFO - Prediction completed
[ 2024-10-11 14:31:43,512 ] 97 werkzeug - INFO - 127.0.0.1 - - [11/Oct/2024 14:31:43] "POST /home HTTP/1.1" 200 -
[ 2024-10-11 14:32:00,371 ] 47 root - INFO - Initializing the training pipeline
[ 2024-10-11 14:32:00,371 ] 51 root - INFO - Image spliting is started for target image
[ 2024-10-11 14:32:00,378 ] 62 root - INFO - Image spliting is completed for target image
[ 2024-10-11 14:32:00,378 ] 70 root - INFO - Conversion from image to binary is started for target image
[ 2024-10-11 14:32:00,455 ] 85 root - INFO - Image converted to binary and save in csv
[ 2024-10-11 14:32:00,455 ] 25 root - INFO - Initializing the predict pipeline
[ 2024-10-11 14:32:00,455 ] 31 root - INFO - Prediction for target image is started
[ 2024-10-11 14:32:00,794 ] 55 root - INFO - Prediction completed
[ 2024-10-11 14:32:00,796 ] 97 werkzeug - INFO - 127.0.0.1 - - [11/Oct/2024 14:32:00] "POST /home HTTP/1.1" 200 -
[ 2024-10-11 14:33:03,253 ] 47 root - INFO - Initializing the training pipeline
[ 2024-10-11 14:33:03,253 ] 51 root - INFO - Image spliting is started for target image
[ 2024-10-11 14:33:03,260 ] 62 root - INFO - Image spliting is completed for target image
[ 2024-10-11 14:33:03,260 ] 70 root - INFO - Conversion from image to binary is started for target image
[ 2024-10-11 14:33:03,335 ] 85 root - INFO - Image converted to binary and save in csv
[ 2024-10-11 14:33:03,335 ] 25 root - INFO - Initializing the predict pipeline
[ 2024-10-11 14:33:03,335 ] 31 root - INFO - Prediction for target image is started
[ 2024-10-11 14:33:03,720 ] 55 root - INFO - Prediction completed
[ 2024-10-11 14:33:03,722 ] 97 werkzeug - INFO - 127.0.0.1 - - [11/Oct/2024 14:33:03] "POST /home HTTP/1.1" 200 -
[ 2024-10-11 14:33:55,555 ] 47 root - INFO - Initializing the training pipeline
[ 2024-10-11 14:33:55,555 ] 51 root - INFO - Image spliting is started for target image
[ 2024-10-11 14:33:55,562 ] 62 root - INFO - Image spliting is completed for target image
[ 2024-10-11 14:33:55,563 ] 70 root - INFO - Conversion from image to binary is started for target image
[ 2024-10-11 14:33:55,638 ] 85 root - INFO - Image converted to binary and save in csv
[ 2024-10-11 14:33:55,638 ] 25 root - INFO - Initializing the predict pipeline
[ 2024-10-11 14:33:55,638 ] 31 root - INFO - Prediction for target image is started
[ 2024-10-11 14:33:56,003 ] 55 root - INFO - Prediction completed
[ 2024-10-11 14:33:56,004 ] 97 werkzeug - INFO - 127.0.0.1 - - [11/Oct/2024 14:33:56] "POST /home HTTP/1.1" 200 -
[ 2024-10-11 14:35:49,336 ] 97 werkzeug - INFO -  * Detected change in 'C:\\Users\\deepa\\Panda 2024\\CAPTCHA Break\\CAPTCHA Break Project\\application.py', reloading
