[ 2024-10-15 06:51:25,054 ] 97 werkzeug - WARNING -  * Debugger is active!
[ 2024-10-15 06:51:25,076 ] 97 werkzeug - INFO -  * Debugger PIN: 133-700-328
[ 2024-10-15 06:51:27,075 ] 30 root - INFO - Request in the get phase of predict captcha function
[ 2024-10-15 06:51:27,106 ] 97 werkzeug - INFO - 127.0.0.1 - - [15/Oct/2024 06:51:27] "GET /home HTTP/1.1" 200 -
[ 2024-10-15 06:51:44,558 ] 34 root - INFO - Request in the POST phase of predict captcha function and routing started
[ 2024-10-15 06:51:44,560 ] 39 root - INFO - The file value is: <FileStorage: 'screenshot_996.png' ('image/png')>
[ 2024-10-15 06:51:44,561 ] 45 root - INFO - Uploaded image is openeing
[ 2024-10-15 06:51:44,613 ] 47 root - INFO - the data value is <PIL.PngImagePlugin.PngImageFile image mode=RGB size=200x80 at 0x268AF6F9F90>
[ 2024-10-15 06:51:44,613 ] 52 root - INFO - opened image go to trainig pipeline
[ 2024-10-15 06:51:44,613 ] 22 root - INFO - Initializing the training pipeline
[ 2024-10-15 06:51:44,613 ] 26 root - INFO - Image spliting is started for target image
[ 2024-10-15 06:51:44,616 ] 42 root - INFO - Image spliting is completed for target image
[ 2024-10-15 06:51:44,616 ] 53 root - INFO - Conversion from image to binary is started for target image
[ 2024-10-15 06:51:44,624 ] 73 root - INFO - Image converted to binary
[ 2024-10-15 06:51:44,624 ] 25 root - INFO - Initializing the predict pipeline
[ 2024-10-15 06:51:44,624 ] 31 root - INFO - Prediction for target image is started
[ 2024-10-15 06:51:49,556 ] 56 root - INFO - Prediction completed
[ 2024-10-15 06:51:49,557 ] 61 root - INFO - captcha is predicted and it is 5cw8z7 , and type of it <class 'str'>
[ 2024-10-15 06:51:49,558 ] 97 werkzeug - INFO - 127.0.0.1 - - [15/Oct/2024 06:51:49] "POST /home HTTP/1.1" 200 -
[ 2024-10-15 06:52:00,419 ] 34 root - INFO - Request in the POST phase of predict captcha function and routing started
[ 2024-10-15 06:52:00,420 ] 39 root - INFO - The file value is: <FileStorage: 'screenshot_953.png' ('image/png')>
[ 2024-10-15 06:52:00,420 ] 45 root - INFO - Uploaded image is openeing
[ 2024-10-15 06:52:00,420 ] 47 root - INFO - the data value is <PIL.PngImagePlugin.PngImageFile image mode=RGB size=200x80 at 0x268CA3E3810>
[ 2024-10-15 06:52:00,420 ] 52 root - INFO - opened image go to trainig pipeline
[ 2024-10-15 06:52:00,420 ] 22 root - INFO - Initializing the training pipeline
[ 2024-10-15 06:52:00,420 ] 26 root - INFO - Image spliting is started for target image
[ 2024-10-15 06:52:00,421 ] 42 root - INFO - Image spliting is completed for target image
[ 2024-10-15 06:52:00,421 ] 53 root - INFO - Conversion from image to binary is started for target image
[ 2024-10-15 06:52:00,427 ] 73 root - INFO - Image converted to binary
[ 2024-10-15 06:52:00,427 ] 25 root - INFO - Initializing the predict pipeline
[ 2024-10-15 06:52:00,427 ] 31 root - INFO - Prediction for target image is started
[ 2024-10-15 06:52:00,496 ] 56 root - INFO - Prediction completed
[ 2024-10-15 06:52:00,496 ] 61 root - INFO - captcha is predicted and it is t9i3qo , and type of it <class 'str'>
[ 2024-10-15 06:52:00,497 ] 97 werkzeug - INFO - 127.0.0.1 - - [15/Oct/2024 06:52:00] "POST /home HTTP/1.1" 200 -
