[ 2024-10-15 08:29:37,519 ] 97 werkzeug - WARNING -  * Debugger is active!
[ 2024-10-15 08:29:37,527 ] 97 werkzeug - INFO -  * Debugger PIN: 133-700-328
[ 2024-10-15 08:29:39,471 ] 30 root - INFO - Request in the get phase of predict captcha function
[ 2024-10-15 08:29:39,482 ] 97 werkzeug - INFO - 127.0.0.1 - - [15/Oct/2024 08:29:39] "GET /home HTTP/1.1" 200 -
[ 2024-10-15 08:29:50,798 ] 34 root - INFO - Request in the POST phase of predict captcha function and routing started
[ 2024-10-15 08:29:50,799 ] 39 root - INFO - The file value is: <FileStorage: 'screenshot_996.png' ('image/png')>
[ 2024-10-15 08:29:50,807 ] 45 root - INFO - Uploaded image is openeing
[ 2024-10-15 08:29:50,837 ] 47 root - INFO - the data value is <PIL.PngImagePlugin.PngImageFile image mode=RGB size=200x80 at 0x2B25F7C8CD0>
[ 2024-10-15 08:29:50,837 ] 52 root - INFO - opened image go to trainig pipeline
[ 2024-10-15 08:29:50,837 ] 22 root - INFO - Initializing the training pipeline
[ 2024-10-15 08:29:50,838 ] 26 root - INFO - Image spliting is started for target image
[ 2024-10-15 08:29:50,840 ] 42 root - INFO - Image spliting is completed for target image
[ 2024-10-15 08:29:50,840 ] 53 root - INFO - Conversion from image to binary is started for target image
[ 2024-10-15 08:29:50,852 ] 73 root - INFO - Image converted to binary
[ 2024-10-15 08:29:50,853 ] 25 root - INFO - Initializing the predict pipeline
[ 2024-10-15 08:29:50,853 ] 31 root - INFO - Prediction for target image is started
[ 2024-10-15 08:29:52,583 ] 56 root - INFO - Prediction completed
[ 2024-10-15 08:29:52,584 ] 61 root - INFO - captcha is predicted and it is 5cw8z7 , and type of it <class 'str'>
[ 2024-10-15 08:29:52,584 ] 97 werkzeug - INFO - 127.0.0.1 - - [15/Oct/2024 08:29:52] "POST /home HTTP/1.1" 200 -
[ 2024-10-15 08:30:32,875 ] 34 root - INFO - Request in the POST phase of predict captcha function and routing started
[ 2024-10-15 08:30:32,876 ] 39 root - INFO - The file value is: <FileStorage: 'screenshot_990.png' ('image/png')>
[ 2024-10-15 08:30:32,876 ] 45 root - INFO - Uploaded image is openeing
[ 2024-10-15 08:30:32,877 ] 47 root - INFO - the data value is <PIL.PngImagePlugin.PngImageFile image mode=RGB size=200x80 at 0x2B27A0E4490>
[ 2024-10-15 08:30:32,877 ] 52 root - INFO - opened image go to trainig pipeline
[ 2024-10-15 08:30:32,877 ] 22 root - INFO - Initializing the training pipeline
[ 2024-10-15 08:30:32,877 ] 26 root - INFO - Image spliting is started for target image
[ 2024-10-15 08:30:32,877 ] 42 root - INFO - Image spliting is completed for target image
[ 2024-10-15 08:30:32,877 ] 53 root - INFO - Conversion from image to binary is started for target image
[ 2024-10-15 08:30:32,883 ] 73 root - INFO - Image converted to binary
[ 2024-10-15 08:30:32,883 ] 25 root - INFO - Initializing the predict pipeline
[ 2024-10-15 08:30:32,883 ] 31 root - INFO - Prediction for target image is started
[ 2024-10-15 08:30:32,951 ] 56 root - INFO - Prediction completed
[ 2024-10-15 08:30:32,951 ] 61 root - INFO - captcha is predicted and it is did9ty , and type of it <class 'str'>
[ 2024-10-15 08:30:32,952 ] 97 werkzeug - INFO - 127.0.0.1 - - [15/Oct/2024 08:30:32] "POST /home HTTP/1.1" 200 -
