[ 2024-10-10 15:26:48,487 ] 10 root - INFO - Main File - Data Ingestion Started
[ 2024-10-10 15:26:48,489 ] 30 root - INFO - Data Ingestion Started
[ 2024-10-10 15:26:57,949 ] 36 root - INFO - Dataset is downloaded from git in zip format
[ 2024-10-10 15:26:57,950 ] 37 root - INFO - Unzipping of Dataset is started
[ 2024-10-10 15:27:10,348 ] 42 root - INFO - Dataset is unzipped
[ 2024-10-10 15:27:10,348 ] 44 root - INFO - Data Ingestion is completed
[ 2024-10-10 15:27:10,352 ] 13 root - INFO - Main File - Data Ingestion Ended
[ 2024-10-10 15:27:10,352 ] 16 root - INFO - Main File - Data Transforamtion Started
[ 2024-10-10 15:27:10,353 ] 24 root - INFO - Image to binary strated
[ 2024-10-10 15:27:12,541 ] 54 root - INFO - Stage-1 Image to binary conversion completed
[ 2024-10-10 15:27:37,186 ] 54 root - INFO - Stage-2 Image to binary conversion completed
[ 2024-10-10 15:28:27,098 ] 54 root - INFO - Stage-3 Image to binary conversion completed
[ 2024-10-10 15:29:05,732 ] 54 root - INFO - Stage-4 Image to binary conversion completed
[ 2024-10-10 15:29:56,191 ] 54 root - INFO - Stage-5 Image to binary conversion completed
[ 2024-10-10 15:30:07,882 ] 54 root - INFO - Stage-6 Image to binary conversion completed
[ 2024-10-10 15:30:07,882 ] 57 root - INFO - All Image to binary conversion completed
[ 2024-10-10 15:30:07,882 ] 19 root - INFO - Main File - Data Transforamtion Ended
[ 2024-10-10 15:30:07,882 ] 22 root - INFO - Main File - Model Training Started
[ 2024-10-10 15:30:07,884 ] 48 root - INFO - Train Test and Model Training started
[ 2024-10-10 15:30:08,524 ] 14 root - INFO - Pickle file is created for C:\Users\deepa\Panda 2024\CAPTCHA Break\CAPTCHA Break Project\artifacts\model\model_char_1.pkl
[ 2024-10-10 15:30:11,747 ] 14 root - INFO - Pickle file is created for C:\Users\deepa\Panda 2024\CAPTCHA Break\CAPTCHA Break Project\artifacts\model\model_char_2.pkl
[ 2024-10-10 15:30:18,424 ] 14 root - INFO - Pickle file is created for C:\Users\deepa\Panda 2024\CAPTCHA Break\CAPTCHA Break Project\artifacts\model\model_char_3.pkl
[ 2024-10-10 15:30:22,733 ] 14 root - INFO - Pickle file is created for C:\Users\deepa\Panda 2024\CAPTCHA Break\CAPTCHA Break Project\artifacts\model\model_char_4.pkl
[ 2024-10-10 15:30:28,453 ] 14 root - INFO - Pickle file is created for C:\Users\deepa\Panda 2024\CAPTCHA Break\CAPTCHA Break Project\artifacts\model\model_char_5.pkl
[ 2024-10-10 15:30:30,103 ] 14 root - INFO - Pickle file is created for C:\Users\deepa\Panda 2024\CAPTCHA Break\CAPTCHA Break Project\artifacts\model\model_char_6.pkl
[ 2024-10-10 15:30:30,103 ] 92 root - INFO - Train Test Split and Model Training Completed
[ 2024-10-10 15:30:30,155 ] 25 root - INFO - Main File - Model Training Ended
